Using pre-set license

 COMMAND LINE ARGUMENTS:
/Users/liam/Documents/2020.3.6f1/Unity.app/Contents/MacOS/Unity
-adb2
-batchMode
-noUpm
-name
AssetImportWorker0
-projectPath
/Users/liam/Documents/Unity/Birds
-logFile
Logs/AssetImportWorker0.log
-srvPort
59789
Successfully changed project path to: /Users/liam/Documents/Unity/Birds
/Users/liam/Documents/Unity/Birds
Using Asset Import Pipeline V2.
Refreshing native plugins compatible for Editor in 22.40 ms, found 1 plugins.
Preloading 0 native plugins for Editor in 0.00 ms.
Initialize engine version: 2020.3.6f1 (338bb68529b2)
[Subsystems] Discovering subsystems at path /Users/liam/Documents/2020.3.6f1/Unity.app/Contents/Resources/UnitySubsystems
[Subsystems] Discovering subsystems at path /Users/liam/Documents/Unity/Birds/Assets
GfxDevice: creating device client; threaded=0
2021-05-07 12:17:07.423 Unity[28808:948590] (null) preferred device: Apple M1 (high power)
2021-05-07 12:17:07.423 Unity[28808:948590] Metal devices available: 1
2021-05-07 12:17:07.423 Unity[28808:948590] 0: Apple M1 (high power)
2021-05-07 12:17:07.423 Unity[28808:948590] Using device Apple M1 (high power)
Initializing Metal device caps: Apple M1
Initialize mono
Mono path[0] = '/Users/liam/Documents/2020.3.6f1/Unity.app/Contents/Managed'
Mono path[1] = '/Users/liam/Documents/2020.3.6f1/Unity.app/Contents/MonoBleedingEdge/lib/mono/unityjit'
Mono config path = '/Users/liam/Documents/2020.3.6f1/Unity.app/Contents/MonoBleedingEdge/etc'
Using monoOptions --debugger-agent=transport=dt_socket,embedding=1,server=y,suspend=n,address=127.0.0.1:56808
Begin MonoManager ReloadAssembly
Registering precompiled unity dll's ...
Register platform support module: /Users/liam/Documents/2020.3.6f1/Unity.app/Contents/PlaybackEngines/MacStandaloneSupport/UnityEditor.OSXStandalone.Extensions.dll
Registered in 0.001145 seconds.
Native extension for OSXStandalone target not found
Refreshing native plugins compatible for Editor in 22.60 ms, found 1 plugins.
Preloading 0 native plugins for Editor in 0.00 ms.
Mono: successfully reloaded assembly
- Completed reload, in  2.128 seconds
Platform modules already initialized, skipping
Registering precompiled user dll's ...
Registered in 0.001605 seconds.
Begin MonoManager ReloadAssembly
Native extension for OSXStandalone target not found
Refreshing native plugins compatible for Editor in 0.29 ms, found 1 plugins.
Preloading 0 native plugins for Editor in 0.00 ms.
Mono: successfully reloaded assembly
- Completed reload, in  2.187 seconds
Platform modules already initialized, skipping
========================================================================
Worker process is ready to serve import requests
Launching external process: /Users/liam/Documents/2020.3.6f1/Unity.app/Contents/Tools/UnityShaderCompiler
Launched and connected shader compiler UnityShaderCompiler after 0.03 seconds
Refreshing native plugins compatible for Editor in 0.19 ms, found 1 plugins.
Preloading 0 native plugins for Editor in 0.00 ms.
Unloading 1265 Unused Serialized files (Serialized files now loaded: 0)
System memory in use before: 115.2 MB.
System memory in use after: 115.3 MB.

Unloading 10 unused Assets to reduce memory usage. Loaded Objects now: 1707.
Total: 1.277083 ms (FindLiveObjects: 0.125542 ms CreateObjectMapping: 0.024042 ms MarkObjects: 1.069958 ms  DeleteObjects: 0.056542 ms)

========================================================================
Received Import Request.
  path: Assets/Scripts/LevelController.cs
  artifactKey: Guid(a9b553a6ae3fb424f8107f9f7948afec) Importer(815301076,1909f56bfc062723c751e8b465ee728b)
Start importing Assets/Scripts/LevelController.cs using Guid(a9b553a6ae3fb424f8107f9f7948afec) Importer(815301076,1909f56bfc062723c751e8b465ee728b)  -> (artifact id: 'e07de3df1bf9f395e81b28e056482323') in 0.322431 seconds
  Import took 0.324696 seconds .

========================================================================
Received Import Request.
  Time since last request: 0.000338 seconds.
  path: Assets/Scripts
  artifactKey: Guid(bc5ef9953197b4977bb8c5b853f78555) Importer(815301076,1909f56bfc062723c751e8b465ee728b)
Start importing Assets/Scripts using Guid(bc5ef9953197b4977bb8c5b853f78555) Importer(815301076,1909f56bfc062723c751e8b465ee728b)  -> (artifact id: '63dfcc0632db8123940133e24bb8127d') in 0.000468 seconds
  Import took 0.001572 seconds .

========================================================================
Received Prepare
Refreshing native plugins compatible for Editor in 1.08 ms, found 1 plugins.
Preloading 0 native plugins for Editor in 0.00 ms.
Unloading 2 Unused Serialized files (Serialized files now loaded: 0)
System memory in use before: 94.1 MB.
System memory in use after: 94.2 MB.

Unloading 2 unused Assets to reduce memory usage. Loaded Objects now: 1707.
Total: 2.395959 ms (FindLiveObjects: 0.215208 ms CreateObjectMapping: 0.033500 ms MarkObjects: 2.129667 ms  DeleteObjects: 0.016375 ms)

========================================================================
Received Import Request.
  Time since last request: 16.597056 seconds.
  path: Assets/Scripts/Bird.cs
  artifactKey: Guid(f6779a2bdd54e4c758fbcdb5d426c36a) Importer(815301076,1909f56bfc062723c751e8b465ee728b)
Start importing Assets/Scripts/Bird.cs using Guid(f6779a2bdd54e4c758fbcdb5d426c36a) Importer(815301076,1909f56bfc062723c751e8b465ee728b)  -> (artifact id: 'a278fcc3b3b7d0a4c7303ab28d62db8f') in 0.004816 seconds
  Import took 0.008454 seconds .

