Using pre-set license

 COMMAND LINE ARGUMENTS:
/Users/liam/Documents/2020.3.6f1/Unity.app/Contents/MacOS/Unity
-adb2
-batchMode
-noUpm
-name
AssetImportWorker0
-projectPath
/Users/liam/Documents/MadBirds
-logFile
Logs/AssetImportWorker0.log
-srvPort
55860
Successfully changed project path to: /Users/liam/Documents/MadBirds
/Users/liam/Documents/MadBirds
Using Asset Import Pipeline V2.
Refreshing native plugins compatible for Editor in 24.27 ms, found 1 plugins.
Preloading 0 native plugins for Editor in 0.00 ms.
Initialize engine version: 2020.3.6f1 (338bb68529b2)
[Subsystems] Discovering subsystems at path /Users/liam/Documents/2020.3.6f1/Unity.app/Contents/Resources/UnitySubsystems
[Subsystems] Discovering subsystems at path /Users/liam/Documents/MadBirds/Assets
GfxDevice: creating device client; threaded=0
2021-05-05 07:49:14.942 Unity[13288:501379] (null) preferred device: Apple M1 (high power)
2021-05-05 07:49:14.942 Unity[13288:501379] Metal devices available: 1
2021-05-05 07:49:14.942 Unity[13288:501379] 0: Apple M1 (high power)
2021-05-05 07:49:14.942 Unity[13288:501379] Using device Apple M1 (high power)
Initializing Metal device caps: Apple M1
Initialize mono
Mono path[0] = '/Users/liam/Documents/2020.3.6f1/Unity.app/Contents/Managed'
Mono path[1] = '/Users/liam/Documents/2020.3.6f1/Unity.app/Contents/MonoBleedingEdge/lib/mono/unityjit'
Mono config path = '/Users/liam/Documents/2020.3.6f1/Unity.app/Contents/MonoBleedingEdge/etc'
Using monoOptions --debugger-agent=transport=dt_socket,embedding=1,server=y,suspend=n,address=127.0.0.1:56288
Begin MonoManager ReloadAssembly
Registering precompiled unity dll's ...
Register platform support module: /Users/liam/Documents/2020.3.6f1/Unity.app/Contents/PlaybackEngines/MacStandaloneSupport/UnityEditor.OSXStandalone.Extensions.dll
Registered in 0.001124 seconds.
Native extension for OSXStandalone target not found
Refreshing native plugins compatible for Editor in 23.59 ms, found 1 plugins.
Preloading 0 native plugins for Editor in 0.00 ms.
Mono: successfully reloaded assembly
- Completed reload, in  3.283 seconds
Platform modules already initialized, skipping
Registering precompiled user dll's ...
Registered in 0.000509 seconds.
Begin MonoManager ReloadAssembly
Native extension for OSXStandalone target not found
Refreshing native plugins compatible for Editor in 0.18 ms, found 1 plugins.
Preloading 0 native plugins for Editor in 0.00 ms.
Mono: successfully reloaded assembly
- Completed reload, in  2.060 seconds
Platform modules already initialized, skipping
========================================================================
Worker process is ready to serve import requests
Launching external process: /Users/liam/Documents/2020.3.6f1/Unity.app/Contents/Tools/UnityShaderCompiler
Launched and connected shader compiler UnityShaderCompiler after 0.04 seconds
Refreshing native plugins compatible for Editor in 0.18 ms, found 1 plugins.
Preloading 0 native plugins for Editor in 0.00 ms.
Unloading 1116 Unused Serialized files (Serialized files now loaded: 0)
System memory in use before: 108.3 MB.
System memory in use after: 108.4 MB.

Unloading 9 unused Assets to reduce memory usage. Loaded Objects now: 1557.
Total: 1.256042 ms (FindLiveObjects: 0.133125 ms CreateObjectMapping: 0.023958 ms MarkObjects: 1.040958 ms  DeleteObjects: 0.057000 ms)

========================================================================
Received Import Request.
  path: Assets/Scripts/Bird.cs
  artifactKey: Guid(f6779a2bdd54e4c758fbcdb5d426c36a) Importer(815301076,1909f56bfc062723c751e8b465ee728b)
Start importing Assets/Scripts/Bird.cs using Guid(f6779a2bdd54e4c758fbcdb5d426c36a) Importer(815301076,1909f56bfc062723c751e8b465ee728b)  -> (artifact id: '05f076ae6b061b0f6ab4190c38966fb0') in 0.618004 seconds
  Import took 0.619745 seconds .

========================================================================
Received Prepare
Registering precompiled user dll's ...
Registered in 0.000350 seconds.
Begin MonoManager ReloadAssembly
Native extension for OSXStandalone target not found
Refreshing native plugins compatible for Editor in 0.18 ms, found 1 plugins.
Preloading 0 native plugins for Editor in 0.00 ms.
Mono: successfully reloaded assembly
- Completed reload, in  2.005 seconds
Platform modules already initialized, skipping
Refreshing native plugins compatible for Editor in 0.19 ms, found 1 plugins.
Preloading 0 native plugins for Editor in 0.00 ms.
Unloading 1110 Unused Serialized files (Serialized files now loaded: 0)
System memory in use before: 112.6 MB.
System memory in use after: 112.7 MB.

Unloading 4 unused Assets to reduce memory usage. Loaded Objects now: 1560.
Total: 2.833584 ms (FindLiveObjects: 0.109708 ms CreateObjectMapping: 0.023125 ms MarkObjects: 2.683291 ms  DeleteObjects: 0.016542 ms)

========================================================================
Received Prepare
Registering precompiled user dll's ...
Registered in 0.004891 seconds.
Begin MonoManager ReloadAssembly
Native extension for OSXStandalone target not found
Refreshing native plugins compatible for Editor in 0.18 ms, found 1 plugins.
Preloading 0 native plugins for Editor in 0.00 ms.
Mono: successfully reloaded assembly
- Completed reload, in  1.932 seconds
Platform modules already initialized, skipping
Refreshing native plugins compatible for Editor in 0.11 ms, found 1 plugins.
Preloading 0 native plugins for Editor in 0.00 ms.
Unloading 1110 Unused Serialized files (Serialized files now loaded: 0)
System memory in use before: 112.8 MB.
System memory in use after: 112.9 MB.

Unloading 4 unused Assets to reduce memory usage. Loaded Objects now: 1563.
Total: 1.074250 ms (FindLiveObjects: 0.096375 ms CreateObjectMapping: 0.022833 ms MarkObjects: 0.936750 ms  DeleteObjects: 0.017500 ms)

========================================================================
Received Prepare
Registering precompiled user dll's ...
Registered in 0.000361 seconds.
Begin MonoManager ReloadAssembly
Native extension for OSXStandalone target not found
Refreshing native plugins compatible for Editor in 0.19 ms, found 1 plugins.
Preloading 0 native plugins for Editor in 0.00 ms.
Mono: successfully reloaded assembly
- Completed reload, in  2.338 seconds
Platform modules already initialized, skipping
Refreshing native plugins compatible for Editor in 0.11 ms, found 1 plugins.
Preloading 0 native plugins for Editor in 0.00 ms.
Unloading 1110 Unused Serialized files (Serialized files now loaded: 0)
System memory in use before: 113.0 MB.
System memory in use after: 113.1 MB.

Unloading 4 unused Assets to reduce memory usage. Loaded Objects now: 1566.
Total: 1.078541 ms (FindLiveObjects: 0.101833 ms CreateObjectMapping: 0.022250 ms MarkObjects: 0.937959 ms  DeleteObjects: 0.015625 ms)

========================================================================
Received Prepare
Registering precompiled user dll's ...
Registered in 0.000305 seconds.
Begin MonoManager ReloadAssembly
Native extension for OSXStandalone target not found
Refreshing native plugins compatible for Editor in 0.18 ms, found 1 plugins.
Preloading 0 native plugins for Editor in 0.00 ms.
Mono: successfully reloaded assembly
- Completed reload, in  2.032 seconds
Platform modules already initialized, skipping
Refreshing native plugins compatible for Editor in 0.13 ms, found 1 plugins.
Preloading 0 native plugins for Editor in 0.00 ms.
Unloading 1110 Unused Serialized files (Serialized files now loaded: 0)
System memory in use before: 113.1 MB.
System memory in use after: 113.2 MB.

Unloading 4 unused Assets to reduce memory usage. Loaded Objects now: 1569.
Total: 1.149875 ms (FindLiveObjects: 0.108250 ms CreateObjectMapping: 0.024625 ms MarkObjects: 0.997916 ms  DeleteObjects: 0.018083 ms)

========================================================================
Received Prepare
Registering precompiled user dll's ...
Registered in 0.006708 seconds.
Begin MonoManager ReloadAssembly
Native extension for OSXStandalone target not found
Refreshing native plugins compatible for Editor in 0.17 ms, found 1 plugins.
Preloading 0 native plugins for Editor in 0.00 ms.
Mono: successfully reloaded assembly
- Completed reload, in  1.732 seconds
Platform modules already initialized, skipping
Refreshing native plugins compatible for Editor in 0.10 ms, found 1 plugins.
Preloading 0 native plugins for Editor in 0.00 ms.
Unloading 1110 Unused Serialized files (Serialized files now loaded: 0)
System memory in use before: 113.3 MB.
System memory in use after: 113.4 MB.

Unloading 4 unused Assets to reduce memory usage. Loaded Objects now: 1572.
Total: 1.091208 ms (FindLiveObjects: 0.086375 ms CreateObjectMapping: 0.024333 ms MarkObjects: 0.969292 ms  DeleteObjects: 0.010291 ms)

========================================================================
Received Prepare
Registering precompiled user dll's ...
Registered in 0.000274 seconds.
Begin MonoManager ReloadAssembly
Native extension for OSXStandalone target not found
Refreshing native plugins compatible for Editor in 0.18 ms, found 1 plugins.
Preloading 0 native plugins for Editor in 0.00 ms.
Mono: successfully reloaded assembly
- Completed reload, in  1.915 seconds
Platform modules already initialized, skipping
Refreshing native plugins compatible for Editor in 0.12 ms, found 1 plugins.
Preloading 0 native plugins for Editor in 0.00 ms.
Unloading 1110 Unused Serialized files (Serialized files now loaded: 0)
System memory in use before: 113.5 MB.
System memory in use after: 113.6 MB.

Unloading 4 unused Assets to reduce memory usage. Loaded Objects now: 1575.
Total: 2.749333 ms (FindLiveObjects: 1.701750 ms CreateObjectMapping: 0.024166 ms MarkObjects: 1.003042 ms  DeleteObjects: 0.019584 ms)

========================================================================
Received Prepare
Registering precompiled user dll's ...
Registered in 0.000332 seconds.
Begin MonoManager ReloadAssembly
Native extension for OSXStandalone target not found
Refreshing native plugins compatible for Editor in 0.18 ms, found 1 plugins.
Preloading 0 native plugins for Editor in 0.00 ms.
Mono: successfully reloaded assembly
- Completed reload, in  1.944 seconds
Platform modules already initialized, skipping
Refreshing native plugins compatible for Editor in 0.10 ms, found 1 plugins.
Preloading 0 native plugins for Editor in 0.00 ms.
Unloading 1110 Unused Serialized files (Serialized files now loaded: 0)
System memory in use before: 113.6 MB.
System memory in use after: 113.7 MB.

Unloading 4 unused Assets to reduce memory usage. Loaded Objects now: 1578.
Total: 1.131583 ms (FindLiveObjects: 0.110583 ms CreateObjectMapping: 0.024792 ms MarkObjects: 0.978333 ms  DeleteObjects: 0.017167 ms)

========================================================================
Received Prepare
Registering precompiled user dll's ...
Registered in 0.000238 seconds.
Begin MonoManager ReloadAssembly
Native extension for OSXStandalone target not found
Refreshing native plugins compatible for Editor in 0.18 ms, found 1 plugins.
Preloading 0 native plugins for Editor in 0.00 ms.
Mono: successfully reloaded assembly
- Completed reload, in  1.792 seconds
Platform modules already initialized, skipping
Refreshing native plugins compatible for Editor in 0.15 ms, found 1 plugins.
Preloading 0 native plugins for Editor in 0.00 ms.
Unloading 1110 Unused Serialized files (Serialized files now loaded: 0)
System memory in use before: 113.8 MB.
System memory in use after: 113.9 MB.

Unloading 4 unused Assets to reduce memory usage. Loaded Objects now: 1581.
Total: 1.080000 ms (FindLiveObjects: 0.090125 ms CreateObjectMapping: 0.023042 ms MarkObjects: 0.954500 ms  DeleteObjects: 0.011333 ms)

========================================================================
Received Prepare
Registering precompiled user dll's ...
Registered in 0.000318 seconds.
Begin MonoManager ReloadAssembly
Native extension for OSXStandalone target not found
Refreshing native plugins compatible for Editor in 0.22 ms, found 1 plugins.
Preloading 0 native plugins for Editor in 0.00 ms.
Mono: successfully reloaded assembly
- Completed reload, in  1.886 seconds
Platform modules already initialized, skipping
Refreshing native plugins compatible for Editor in 0.12 ms, found 1 plugins.
Preloading 0 native plugins for Editor in 0.00 ms.
Unloading 1110 Unused Serialized files (Serialized files now loaded: 0)
System memory in use before: 114.0 MB.
System memory in use after: 114.1 MB.

Unloading 4 unused Assets to reduce memory usage. Loaded Objects now: 1584.
Total: 1.113834 ms (FindLiveObjects: 0.136416 ms CreateObjectMapping: 0.025500 ms MarkObjects: 0.933625 ms  DeleteObjects: 0.017458 ms)

========================================================================
Received Prepare
Registering precompiled user dll's ...
Registered in 0.000296 seconds.
Begin MonoManager ReloadAssembly
Native extension for OSXStandalone target not found
Refreshing native plugins compatible for Editor in 0.22 ms, found 1 plugins.
Preloading 0 native plugins for Editor in 0.00 ms.
Mono: successfully reloaded assembly
- Completed reload, in  1.831 seconds
Platform modules already initialized, skipping
Refreshing native plugins compatible for Editor in 0.16 ms, found 1 plugins.
Preloading 0 native plugins for Editor in 0.00 ms.
Unloading 1110 Unused Serialized files (Serialized files now loaded: 0)
System memory in use before: 114.1 MB.
System memory in use after: 114.2 MB.

Unloading 4 unused Assets to reduce memory usage. Loaded Objects now: 1587.
Total: 1.164750 ms (FindLiveObjects: 0.118084 ms CreateObjectMapping: 0.023500 ms MarkObjects: 1.007083 ms  DeleteObjects: 0.015250 ms)

========================================================================
Received Prepare
Registering precompiled user dll's ...
Registered in 0.000217 seconds.
Begin MonoManager ReloadAssembly
Native extension for OSXStandalone target not found
Refreshing native plugins compatible for Editor in 0.18 ms, found 1 plugins.
Preloading 0 native plugins for Editor in 0.00 ms.
Mono: successfully reloaded assembly
- Completed reload, in  1.720 seconds
Platform modules already initialized, skipping
Refreshing native plugins compatible for Editor in 0.15 ms, found 1 plugins.
Preloading 0 native plugins for Editor in 0.00 ms.
Unloading 1110 Unused Serialized files (Serialized files now loaded: 0)
System memory in use before: 114.3 MB.
System memory in use after: 114.4 MB.

Unloading 4 unused Assets to reduce memory usage. Loaded Objects now: 1590.
Total: 1.280834 ms (FindLiveObjects: 0.108209 ms CreateObjectMapping: 0.024000 ms MarkObjects: 1.134167 ms  DeleteObjects: 0.013042 ms)

========================================================================
Received Prepare
Registering precompiled user dll's ...
Registered in 0.000875 seconds.
Begin MonoManager ReloadAssembly
Native extension for OSXStandalone target not found
Refreshing native plugins compatible for Editor in 0.18 ms, found 1 plugins.
Preloading 0 native plugins for Editor in 0.00 ms.
Mono: successfully reloaded assembly
- Completed reload, in  1.921 seconds
Platform modules already initialized, skipping
Refreshing native plugins compatible for Editor in 0.17 ms, found 1 plugins.
Preloading 0 native plugins for Editor in 0.00 ms.
Unloading 1110 Unused Serialized files (Serialized files now loaded: 0)
System memory in use before: 114.5 MB.
System memory in use after: 114.6 MB.

Unloading 4 unused Assets to reduce memory usage. Loaded Objects now: 1593.
Total: 1.520084 ms (FindLiveObjects: 0.481125 ms CreateObjectMapping: 0.026666 ms MarkObjects: 0.992750 ms  DeleteObjects: 0.018542 ms)

========================================================================
Received Prepare
Registering precompiled user dll's ...
Registered in 0.000930 seconds.
Begin MonoManager ReloadAssembly
Native extension for OSXStandalone target not found
Refreshing native plugins compatible for Editor in 0.20 ms, found 1 plugins.
Preloading 0 native plugins for Editor in 0.00 ms.
Mono: successfully reloaded assembly
- Completed reload, in  1.829 seconds
Platform modules already initialized, skipping
Refreshing native plugins compatible for Editor in 0.12 ms, found 1 plugins.
Preloading 0 native plugins for Editor in 0.00 ms.
Unloading 1110 Unused Serialized files (Serialized files now loaded: 0)
System memory in use before: 114.7 MB.
System memory in use after: 114.8 MB.

Unloading 4 unused Assets to reduce memory usage. Loaded Objects now: 1596.
Total: 1.195416 ms (FindLiveObjects: 0.112708 ms CreateObjectMapping: 0.024917 ms MarkObjects: 1.039166 ms  DeleteObjects: 0.017541 ms)

========================================================================
Received Import Request.
  Time since last request: 9529.359208 seconds.
  path: Assets/Scripts
  artifactKey: Guid(bc5ef9953197b4977bb8c5b853f78555) Importer(815301076,1909f56bfc062723c751e8b465ee728b)
Start importing Assets/Scripts using Guid(bc5ef9953197b4977bb8c5b853f78555) Importer(815301076,1909f56bfc062723c751e8b465ee728b)  -> (artifact id: '63dfcc0632db8123940133e24bb8127d') in 0.010616 seconds
  Import took 0.017136 seconds .

========================================================================
Received Import Request.
  Time since last request: 0.040193 seconds.
  path: Assets/Scripts
  artifactKey: Guid(bc5ef9953197b4977bb8c5b853f78555) Importer(815301076,1909f56bfc062723c751e8b465ee728b)
Start importing Assets/Scripts using Guid(bc5ef9953197b4977bb8c5b853f78555) Importer(815301076,1909f56bfc062723c751e8b465ee728b)  -> (artifact id: '63dfcc0632db8123940133e24bb8127d') in 0.000968 seconds
  Import took 0.003246 seconds .

========================================================================
Received Import Request.
  Time since last request: 13.786305 seconds.
  path: Assets/Sprites
  artifactKey: Guid(55c2e3470b98745738eca45a9907d1c3) Importer(815301076,1909f56bfc062723c751e8b465ee728b)
Start importing Assets/Sprites using Guid(55c2e3470b98745738eca45a9907d1c3) Importer(815301076,1909f56bfc062723c751e8b465ee728b)  -> (artifact id: 'e0ec617d8e5293f54d7fcf1f5e7ff29c') in 0.001400 seconds
  Import took 0.003379 seconds .

========================================================================
Received Import Request.
  Time since last request: 0.043975 seconds.
  path: Assets/Sprites/crates_study_x2.png
  artifactKey: Guid(c6cf27893266648339ff2373f5045257) Importer(815301076,1909f56bfc062723c751e8b465ee728b)
Start importing Assets/Sprites/crates_study_x2.png using Guid(c6cf27893266648339ff2373f5045257) Importer(815301076,1909f56bfc062723c751e8b465ee728b)  -> (artifact id: 'e5db34c684fbb79d85ca67e3ff342bd8') in 0.702520 seconds
  Import took 0.704414 seconds .

========================================================================
Received Import Request.
  Time since last request: 0.000237 seconds.
  path: Assets/Sprites/Full-Background.png
  artifactKey: Guid(1324debc0efb24b6081aad4debafef01) Importer(815301076,1909f56bfc062723c751e8b465ee728b)
Start importing Assets/Sprites/Full-Background.png using Guid(1324debc0efb24b6081aad4debafef01) Importer(815301076,1909f56bfc062723c751e8b465ee728b)  -> (artifact id: 'e25bb5206fd90bf77a62dac395849166') in 0.023290 seconds
  Import took 0.024629 seconds .

========================================================================
Received Import Request.
  Time since last request: 0.000243 seconds.
  path: Assets/Sprites/frame-8.png
  artifactKey: Guid(4dbb2972d7f4c4511aa32b82887a9878) Importer(815301076,1909f56bfc062723c751e8b465ee728b)
Start importing Assets/Sprites/frame-8.png using Guid(4dbb2972d7f4c4511aa32b82887a9878) Importer(815301076,1909f56bfc062723c751e8b465ee728b)  -> (artifact id: 'ce3fd6fa5997396abbdf71eea0a9e4ee') in 0.011682 seconds
  Import took 0.013019 seconds .

========================================================================
Received Import Request.
  Time since last request: 0.000218 seconds.
  path: Assets/Sprites/frame-6.png
  artifactKey: Guid(69b3ed1307b9247b8b16edcaa3ca1426) Importer(815301076,1909f56bfc062723c751e8b465ee728b)
Start importing Assets/Sprites/frame-6.png using Guid(69b3ed1307b9247b8b16edcaa3ca1426) Importer(815301076,1909f56bfc062723c751e8b465ee728b)  -> (artifact id: 'd9079ce3c56e984fffe61fc4818e0510') in 0.011590 seconds
  Import took 0.012996 seconds .

========================================================================
Received Import Request.
  Time since last request: 0.000229 seconds.
  path: Assets/Sprites/frame-5.png
  artifactKey: Guid(0ba534dee41904ae5a4649a5d516b826) Importer(815301076,1909f56bfc062723c751e8b465ee728b)
Start importing Assets/Sprites/frame-5.png using Guid(0ba534dee41904ae5a4649a5d516b826) Importer(815301076,1909f56bfc062723c751e8b465ee728b)  -> (artifact id: 'cf7e3bc1c3ae72a6aa44df51b40b2d9e') in 0.009558 seconds
  Import took 0.010952 seconds .

========================================================================
Received Import Request.
  Time since last request: 0.000206 seconds.
  path: Assets/Sprites/frame-7.png
  artifactKey: Guid(b32e21dbfb400476281da446e92c96c5) Importer(815301076,1909f56bfc062723c751e8b465ee728b)
Start importing Assets/Sprites/frame-7.png using Guid(b32e21dbfb400476281da446e92c96c5) Importer(815301076,1909f56bfc062723c751e8b465ee728b)  -> (artifact id: '77579984a772a274a612d1043323efb9') in 0.009139 seconds
  Import took 0.010903 seconds .

========================================================================
Received Import Request.
  Time since last request: 0.000204 seconds.
  path: Assets/Sprites/frame-1.png
  artifactKey: Guid(fd9e42d876c274a62beb5e57dbc8ef39) Importer(815301076,1909f56bfc062723c751e8b465ee728b)
Start importing Assets/Sprites/frame-1.png using Guid(fd9e42d876c274a62beb5e57dbc8ef39) Importer(815301076,1909f56bfc062723c751e8b465ee728b)  -> (artifact id: '847928e812085b07ca67ee29097cbb3c') in 0.008633 seconds
  Import took 0.009945 seconds .

========================================================================
Received Import Request.
  Time since last request: 0.000257 seconds.
  path: Assets/Sprites/frame-2.png
  artifactKey: Guid(2e3dd609382f14fe1b9b623ad53e2548) Importer(815301076,1909f56bfc062723c751e8b465ee728b)
Start importing Assets/Sprites/frame-2.png using Guid(2e3dd609382f14fe1b9b623ad53e2548) Importer(815301076,1909f56bfc062723c751e8b465ee728b)  -> (artifact id: '158180bc723ce22c453c4564e05d8ed0') in 0.009295 seconds
  Import took 0.010627 seconds .

========================================================================
Received Import Request.
  Time since last request: 0.000201 seconds.
  path: Assets/Sprites/frame-3.png
  artifactKey: Guid(c1b0ef5b9e8bd4347851a46e2cd9f37f) Importer(815301076,1909f56bfc062723c751e8b465ee728b)
Start importing Assets/Sprites/frame-3.png using Guid(c1b0ef5b9e8bd4347851a46e2cd9f37f) Importer(815301076,1909f56bfc062723c751e8b465ee728b)  -> (artifact id: '86e55372f0dc3307acea0691455aaad7') in 0.020706 seconds
  Import took 0.022065 seconds .

========================================================================
Received Import Request.
  Time since last request: 0.000238 seconds.
  path: Assets/Sprites/frame-4.png
  artifactKey: Guid(4e01f9bc065a44498a2656403e5ef364) Importer(815301076,1909f56bfc062723c751e8b465ee728b)
Start importing Assets/Sprites/frame-4.png using Guid(4e01f9bc065a44498a2656403e5ef364) Importer(815301076,1909f56bfc062723c751e8b465ee728b)  -> (artifact id: 'cc50fb634987162899b3344f23b3501c') in 0.011403 seconds
  Import took 0.012912 seconds .

========================================================================
Received Import Request.
  Time since last request: 0.035935 seconds.
  path: Assets/Sprites/frame-4.png
  artifactKey: Guid(4e01f9bc065a44498a2656403e5ef364) Importer(815301076,1909f56bfc062723c751e8b465ee728b)
Start importing Assets/Sprites/frame-4.png using Guid(4e01f9bc065a44498a2656403e5ef364) Importer(815301076,1909f56bfc062723c751e8b465ee728b)  -> (artifact id: 'cc50fb634987162899b3344f23b3501c') in 0.008622 seconds
  Import took 0.010354 seconds .

========================================================================
Received Prepare
Registering precompiled user dll's ...
Registered in 0.000678 seconds.
Begin MonoManager ReloadAssembly
Native extension for OSXStandalone target not found
Refreshing native plugins compatible for Editor in 0.19 ms, found 1 plugins.
Preloading 0 native plugins for Editor in 0.00 ms.
Mono: successfully reloaded assembly
- Completed reload, in  1.769 seconds
Platform modules already initialized, skipping
Refreshing native plugins compatible for Editor in 0.11 ms, found 1 plugins.
Preloading 0 native plugins for Editor in 0.00 ms.
Unloading 1110 Unused Serialized files (Serialized files now loaded: 0)
System memory in use before: 122.6 MB.
System memory in use after: 122.7 MB.

Unloading 4 unused Assets to reduce memory usage. Loaded Objects now: 1609.
Total: 1.239333 ms (FindLiveObjects: 0.192875 ms CreateObjectMapping: 0.024541 ms MarkObjects: 1.002000 ms  DeleteObjects: 0.018459 ms)

========================================================================
Received Prepare
Registering precompiled user dll's ...
Registered in 0.001154 seconds.
Begin MonoManager ReloadAssembly
Native extension for OSXStandalone target not found
Refreshing native plugins compatible for Editor in 0.19 ms, found 1 plugins.
Preloading 0 native plugins for Editor in 0.00 ms.
Mono: successfully reloaded assembly
- Completed reload, in  1.753 seconds
Platform modules already initialized, skipping
Refreshing native plugins compatible for Editor in 0.15 ms, found 1 plugins.
Preloading 0 native plugins for Editor in 0.00 ms.
Unloading 1110 Unused Serialized files (Serialized files now loaded: 0)
System memory in use before: 122.8 MB.
System memory in use after: 122.9 MB.

Unloading 4 unused Assets to reduce memory usage. Loaded Objects now: 1612.
Total: 1.085541 ms (FindLiveObjects: 0.097500 ms CreateObjectMapping: 0.022750 ms MarkObjects: 0.954250 ms  DeleteObjects: 0.010209 ms)

========================================================================
Received Prepare
Registering precompiled user dll's ...
Registered in 0.000266 seconds.
Begin MonoManager ReloadAssembly
Native extension for OSXStandalone target not found
Refreshing native plugins compatible for Editor in 0.18 ms, found 1 plugins.
Preloading 0 native plugins for Editor in 0.00 ms.
Mono: successfully reloaded assembly
- Completed reload, in  2.004 seconds
Platform modules already initialized, skipping
Refreshing native plugins compatible for Editor in 0.15 ms, found 1 plugins.
Preloading 0 native plugins for Editor in 0.00 ms.
Unloading 1110 Unused Serialized files (Serialized files now loaded: 0)
System memory in use before: 122.9 MB.
System memory in use after: 123.0 MB.

Unloading 4 unused Assets to reduce memory usage. Loaded Objects now: 1615.
Total: 1.560541 ms (FindLiveObjects: 0.117416 ms CreateObjectMapping: 0.024333 ms MarkObjects: 1.400792 ms  DeleteObjects: 0.017250 ms)

========================================================================
Received Import Request.
  Time since last request: 1986.552633 seconds.
  path: Assets/Sprites/WhiteArrow.png
  artifactKey: Guid(5f8ad59f7b9834255a768dc7e912a789) Importer(815301076,1909f56bfc062723c751e8b465ee728b)
Start importing Assets/Sprites/WhiteArrow.png using Guid(5f8ad59f7b9834255a768dc7e912a789) Importer(815301076,1909f56bfc062723c751e8b465ee728b)  -> (artifact id: '3aa35a6bded19788e17f561856e3d018') in 0.361803 seconds
  Import took 0.408759 seconds .

========================================================================
Received Import Request.
  Time since last request: 64.056495 seconds.
  path: Assets/Sprites/White Arrow.mat
  artifactKey: Guid(aabc0c5f6b9c14b4a9d18c7a84688db6) Importer(815301076,1909f56bfc062723c751e8b465ee728b)
Start importing Assets/Sprites/White Arrow.mat using Guid(aabc0c5f6b9c14b4a9d18c7a84688db6) Importer(815301076,1909f56bfc062723c751e8b465ee728b)  -> (artifact id: 'f2bedef5e23d628185909d4427803752') in 1.152690 seconds
  Import took 1.156458 seconds .

========================================================================
Received Prepare
Registering precompiled user dll's ...
Registered in 0.004913 seconds.
Begin MonoManager ReloadAssembly
Native extension for OSXStandalone target not found
Refreshing native plugins compatible for Editor in 0.18 ms, found 1 plugins.
Preloading 0 native plugins for Editor in 0.00 ms.
Mono: successfully reloaded assembly
- Completed reload, in  1.981 seconds
Platform modules already initialized, skipping
Refreshing native plugins compatible for Editor in 0.17 ms, found 1 plugins.
Preloading 0 native plugins for Editor in 0.00 ms.
Unloading 1110 Unused Serialized files (Serialized files now loaded: 0)
System memory in use before: 127.9 MB.
System memory in use after: 128.0 MB.

Unloading 4 unused Assets to reduce memory usage. Loaded Objects now: 1655.
Total: 3.130291 ms (FindLiveObjects: 0.142625 ms CreateObjectMapping: 0.024500 ms MarkObjects: 2.943125 ms  DeleteObjects: 0.019166 ms)

========================================================================
Received Import Request.
  Time since last request: 162.411854 seconds.
  path: Assets/Sprites/Green Bird.prefab
  artifactKey: Guid(ca2f48afec73a4587a55b026affe7545) Importer(815301076,1909f56bfc062723c751e8b465ee728b)
Start importing Assets/Sprites/Green Bird.prefab using Guid(ca2f48afec73a4587a55b026affe7545) Importer(815301076,1909f56bfc062723c751e8b465ee728b)  -> (artifact id: 'd42d2ffad02d27af445c788806cce4bc') in 0.456208 seconds
  Import took 0.458164 seconds .

========================================================================
Received Import Request.
  Time since last request: 10.911766 seconds.
  path: Assets/Sprites/Green Bird.prefab
  artifactKey: Guid(ca2f48afec73a4587a55b026affe7545) Importer(815301076,1909f56bfc062723c751e8b465ee728b)
Start importing Assets/Sprites/Green Bird.prefab using Guid(ca2f48afec73a4587a55b026affe7545) Importer(815301076,1909f56bfc062723c751e8b465ee728b)  -> (artifact id: '51632785a8da4456c61a2e51c1be3919') in 0.018154 seconds
  Import took 0.020275 seconds .

========================================================================
Received Import Request.
  Time since last request: 0.001533 seconds.
  path: Assets/Sprites/Green Bird.prefab
  artifactKey: Guid(ca2f48afec73a4587a55b026affe7545) Importer(815301076,1909f56bfc062723c751e8b465ee728b)
Start importing Assets/Sprites/Green Bird.prefab using Guid(ca2f48afec73a4587a55b026affe7545) Importer(815301076,1909f56bfc062723c751e8b465ee728b)  -> (artifact id: '51632785a8da4456c61a2e51c1be3919') in 0.010926 seconds
  Import took 0.012454 seconds .

========================================================================
Received Prepare
Registering precompiled user dll's ...
Registered in 0.000716 seconds.
Begin MonoManager ReloadAssembly
Native extension for OSXStandalone target not found
Refreshing native plugins compatible for Editor in 0.19 ms, found 1 plugins.
Preloading 0 native plugins for Editor in 0.00 ms.
Mono: successfully reloaded assembly
- Completed reload, in  1.871 seconds
Platform modules already initialized, skipping
Refreshing native plugins compatible for Editor in 0.17 ms, found 1 plugins.
Preloading 0 native plugins for Editor in 0.00 ms.
Unloading 1110 Unused Serialized files (Serialized files now loaded: 0)
System memory in use before: 132.4 MB.
System memory in use after: 132.5 MB.

Unloading 4 unused Assets to reduce memory usage. Loaded Objects now: 1659.
Total: 1.316500 ms (FindLiveObjects: 0.115292 ms CreateObjectMapping: 0.025375 ms MarkObjects: 1.161459 ms  DeleteObjects: 0.013167 ms)

========================================================================
Received Prepare
Registering precompiled user dll's ...
Registered in 0.000309 seconds.
Begin MonoManager ReloadAssembly
Native extension for OSXStandalone target not found
Refreshing native plugins compatible for Editor in 0.18 ms, found 1 plugins.
Preloading 0 native plugins for Editor in 0.00 ms.
Mono: successfully reloaded assembly
- Completed reload, in  1.936 seconds
Platform modules already initialized, skipping
Refreshing native plugins compatible for Editor in 0.16 ms, found 1 plugins.
Preloading 0 native plugins for Editor in 0.00 ms.
Unloading 1110 Unused Serialized files (Serialized files now loaded: 0)
System memory in use before: 132.6 MB.
System memory in use after: 132.7 MB.

Unloading 4 unused Assets to reduce memory usage. Loaded Objects now: 1662.
Total: 1.147417 ms (FindLiveObjects: 0.129542 ms CreateObjectMapping: 0.024208 ms MarkObjects: 0.975125 ms  DeleteObjects: 0.017667 ms)

========================================================================
Received Import Request.
  Time since last request: 116.851819 seconds.
  path: Assets/Sprites/frame-1 2.png
  artifactKey: Guid(7d84689527e87463a9b6b670b5e7c33e) Importer(815301076,1909f56bfc062723c751e8b465ee728b)
Start importing Assets/Sprites/frame-1 2.png using Guid(7d84689527e87463a9b6b670b5e7c33e) Importer(815301076,1909f56bfc062723c751e8b465ee728b)  -> (artifact id: 'ec164287384a4d7d434759751e9a92d8') in 0.188379 seconds
  Import took 0.195655 seconds .

========================================================================
Received Import Request.
  Time since last request: 0.000192 seconds.
  path: Assets/Sprites/frame-2 2.png
  artifactKey: Guid(bc79065dfff6c4c07be507a88310a945) Importer(815301076,1909f56bfc062723c751e8b465ee728b)
Start importing Assets/Sprites/frame-2 2.png using Guid(bc79065dfff6c4c07be507a88310a945) Importer(815301076,1909f56bfc062723c751e8b465ee728b)  -> (artifact id: '3afc32e630128ca75612616f10df36d7') in 0.012829 seconds
  Import took 0.014200 seconds .

========================================================================
Received Import Request.
  Time since last request: 94.286314 seconds.
  path: Assets/Sprites/WhiteArrow.mat
  artifactKey: Guid(aabc0c5f6b9c14b4a9d18c7a84688db6) Importer(815301076,1909f56bfc062723c751e8b465ee728b)
Start importing Assets/Sprites/WhiteArrow.mat using Guid(aabc0c5f6b9c14b4a9d18c7a84688db6) Importer(815301076,1909f56bfc062723c751e8b465ee728b)  -> (artifact id: '92827f089bc65d2b10897ff58a4fcc15') in 0.250036 seconds
  Import took 0.266508 seconds .

